{"C:\\Users\\HugoStoduto\\Documents\\Projetos\\film-catalog\\src\\main.jsx": {"path":"C:\\Users\\HugoStoduto\\Documents\\Projetos\\film-catalog\\src\\main.jsx","statementMap":{"0":{"start":{"line":6,"column":0},"end":{"line":12,"column":2}}},"fnMap":{},"branchMap":{},"s":{"0":0},"f":{},"b":{}}
,"C:\\Users\\HugoStoduto\\Documents\\Projetos\\film-catalog\\src\\component\\Card\\Card.jsx": {"path":"C:\\Users\\HugoStoduto\\Documents\\Projetos\\film-catalog\\src\\component\\Card\\Card.jsx","statementMap":{"0":{"start":{"line":4,"column":20},"end":{"line":16,"column":1}},"1":{"start":{"line":5,"column":2},"end":{"line":15,"column":4}}},"fnMap":{"0":{"name":"(anonymous_0)","decl":{"start":{"line":4,"column":20},"end":{"line":4,"column":21}},"loc":{"start":{"line":4,"column":56},"end":{"line":16,"column":1}},"line":4}},"branchMap":{},"s":{"0":1,"1":4},"f":{"0":4},"b":{},"_coverageSchema":"1a1c01bbd47fc00a2c39e90264f33305004495a9","hash":"bae022794b3685db68b47c7930f6ab3f38845eea"}
,"C:\\Users\\HugoStoduto\\Documents\\Projetos\\film-catalog\\src\\component\\Card\\Card.stories.jsx": {"path":"C:\\Users\\HugoStoduto\\Documents\\Projetos\\film-catalog\\src\\component\\Card\\Card.stories.jsx","statementMap":{},"fnMap":{},"branchMap":{},"s":{},"f":{},"b":{}}
,"C:\\Users\\HugoStoduto\\Documents\\Projetos\\film-catalog\\src\\component\\Card\\styles.js": {"path":"C:\\Users\\HugoStoduto\\Documents\\Projetos\\film-catalog\\src\\component\\Card\\styles.js","statementMap":{"0":{"start":{"line":3,"column":25},"end":{"line":23,"column":1}},"1":{"start":{"line":4,"column":17},"end":{"line":22,"column":1}}},"fnMap":{"0":{"name":"(anonymous_0)","decl":{"start":{"line":4,"column":2},"end":{"line":4,"column":3}},"loc":{"start":{"line":4,"column":17},"end":{"line":22,"column":1}},"line":4}},"branchMap":{},"s":{"0":1,"1":4},"f":{"0":4},"b":{},"_coverageSchema":"1a1c01bbd47fc00a2c39e90264f33305004495a9","hash":"62414ff821a488c77147f5bc805fd721bacf4630"}
,"C:\\Users\\HugoStoduto\\Documents\\Projetos\\film-catalog\\src\\templates\\App\\index.jsx": {"path":"C:\\Users\\HugoStoduto\\Documents\\Projetos\\film-catalog\\src\\templates\\App\\index.jsx","statementMap":{"0":{"start":{"line":4,"column":19},"end":{"line":10,"column":1}},"1":{"start":{"line":5,"column":2},"end":{"line":9,"column":4}},"2":{"start":{"line":12,"column":0},"end":{"line":12,"column":19}}},"fnMap":{"0":{"name":"(anonymous_0)","decl":{"start":{"line":4,"column":19},"end":{"line":4,"column":20}},"loc":{"start":{"line":4,"column":25},"end":{"line":10,"column":1}},"line":4}},"branchMap":{},"s":{"0":0,"1":0,"2":0},"f":{"0":0},"b":{}}
,"C:\\Users\\HugoStoduto\\Documents\\Projetos\\film-catalog\\src\\templates\\App\\styles.js": {"path":"C:\\Users\\HugoStoduto\\Documents\\Projetos\\film-catalog\\src\\templates\\App\\styles.js","statementMap":{"0":{"start":{"line":3,"column":25},"end":{"line":5,"column":1}},"1":{"start":{"line":4,"column":31},"end":{"line":4,"column":51}}},"fnMap":{"0":{"name":"(anonymous_0)","decl":{"start":{"line":4,"column":16},"end":{"line":4,"column":17}},"loc":{"start":{"line":4,"column":31},"end":{"line":4,"column":51}},"line":4}},"branchMap":{},"s":{"0":0,"1":0},"f":{"0":0},"b":{}}
}
